[01m[K/home/user/catkin_ws/src/topic_publisher_package/src/topic_program.cpp:[m[K In function '[01m[Kint main(int, char**)[m[K':
[01m[K/home/user/catkin_ws/src/topic_publisher_package/src/topic_program.cpp:10:65:[m[K [01;31m[Kerror: [m[Kno matching function for call to '[01m[Kros::NodeHandle::advertise<std_msgs::Int32>(const char [8])[m[K'
   10 |     ros::Publisher pub = nh.advertise<std_msgs::Int32>("counter"[01;31m[K)[m[K;
      |                                                                 [01;31m[K^[m[K
In file included from [01m[K/opt/ros/noetic/include/ros/ros.h:45[m[K,
                 from [01m[K/home/user/catkin_ws/src/topic_publisher_package/src/topic_program.cpp:1[m[K:
[01m[K/opt/ros/noetic/include/ros/node_handle.h:249:15:[m[K [01;36m[Knote: [m[Kcandidate: '[01m[Kros::Publisher ros::NodeHandle::advertise(const string&, uint32_t, bool) [with M = std_msgs::Int32_<std::allocator<void> >; std::string = std::__cxx11::basic_string<char>; uint32_t = unsigned int][m[K'
  249 |     Publisher [01;36m[Kadvertise[m[K(const std::string& topic, uint32_t queue_size, bool latch = false)
      |               [01;36m[K^~~~~~~~~[m[K
[01m[K/opt/ros/noetic/include/ros/node_handle.h:249:15:[m[K [01;36m[Knote: [m[K  candidate expects 3 arguments, 1 provided
In file included from [01m[K/opt/ros/noetic/include/ros/ros.h:45[m[K,
                 from [01m[K/home/user/catkin_ws/src/topic_publisher_package/src/topic_program.cpp:1[m[K:
[01m[K/opt/ros/noetic/include/ros/node_handle.h:315:13:[m[K [01;36m[Knote: [m[Kcandidate: '[01m[Kros::Publisher ros::NodeHandle::advertise(const string&, uint32_t, const SubscriberStatusCallback&, const SubscriberStatusCallback&, const VoidConstPtr&, bool) [with M = std_msgs::Int32_<std::allocator<void> >; std::string = std::__cxx11::basic_string<char>; uint32_t = unsigned int; ros::SubscriberStatusCallback = boost::function<void(const ros::SingleSubscriberPublisher&)>; ros::VoidConstPtr = boost::shared_ptr<const void>][m[K'
  315 |   Publisher [01;36m[Kadvertise[m[K(const std::string& topic, uint32_t queue_size,
      |             [01;36m[K^~~~~~~~~[m[K
[01m[K/opt/ros/noetic/include/ros/node_handle.h:315:13:[m[K [01;36m[Knote: [m[K  candidate expects 6 arguments, 1 provided
[01m[K/home/user/catkin_ws/src/topic_publisher_package/src/topic_program.cpp:14:19:[m[K [01;31m[Kerror: [m[Kexpected '[01m[K;[m[K' before '[01m[Kwhile[m[K'
   14 |     count.data = 0
      |                   [01;31m[K^[m[K
      |                   [32m[K;[m[K
   15 | 
   16 |     [32m[Kwhile[m[K(ros::ok()){
      |     [32m[K~~~~~[m[K          
make[2]: *** [CMakeFiles/topic_program.dir/build.make:63: CMakeFiles/topic_program.dir/src/topic_program.cpp.o] Error 1
make[1]: *** [CMakeFiles/Makefile2:169: CMakeFiles/topic_program.dir/all] Error 2
make: *** [Makefile:141: all] Error 2
